\BOOKMARK [0][]{part.1}{\376\377\000I\000\040\000L\000a\000g\000r\000a\000n\000g\000e\000\040\000a\000n\000d\000\040\000H\000e\000r\000m\000i\000t\000e\000\040\000i\000n\000t\000e\000r\000p\000o\000l\000a\000t\000i\000o\000n}{}% 1
\BOOKMARK [1][]{section.1}{\376\377\000\040\0001\0001\000+\000x\0002\000\040}{part.1}% 2
\BOOKMARK [2][]{subsection.1.1}{\376\377\000L\000a\000g\000r\000a\000n\000g\000e\000\040\000i\000n\000t\000e\000r\000p\000o\000l\000a\000n\000t}{section.1}% 3
\BOOKMARK [2][]{subsection.1.2}{\376\377\000H\000e\000r\000m\000i\000t\000\040\000i\000n\000t\000e\000r\000p\000o\000l\000a\000n\000t}{section.1}% 4
\BOOKMARK [2][]{subsection.1.3}{\376\377\000A\000c\000c\000u\000r\000a\000c\000y\000\040\000a\000n\000a\000l\000y\000s\000i\000s}{section.1}% 5
\BOOKMARK [1][]{section.2}{\376\377\000\040\000\050\000x\000-\0001\0002\000\051\0002\000\040\000s\000i\000g\000n\000\050\000x\000-\0001\0002\000\051\000\040}{part.1}% 6
\BOOKMARK [2][]{subsection.2.1}{\376\377\000L\000a\000g\000r\000a\000n\000g\000e\000\040\000i\000n\000t\000e\000r\000p\000o\000l\000a\000n\000t}{section.2}% 7
\BOOKMARK [2][]{subsection.2.2}{\376\377\000H\000e\000r\000m\000i\000t\000\040\000i\000n\000t\000e\000r\000p\000o\000l\000a\000n\000t}{section.2}% 8
\BOOKMARK [2][]{subsection.2.3}{\376\377\000A\000c\000c\000u\000r\000a\000c\000y\000\040\000a\000n\000a\000l\000y\000s\000i\000s}{section.2}% 9
\BOOKMARK [1][]{section.3}{\376\377\000\040\000|\000x\000-\0001\0002\000|\000\040}{part.1}% 10
\BOOKMARK [2][]{subsection.3.1}{\376\377\000L\000a\000g\000r\000a\000n\000g\000e\000\040\000i\000n\000t\000e\000r\000p\000o\000l\000a\000n\000t}{section.3}% 11
\BOOKMARK [2][]{subsection.3.2}{\376\377\000H\000e\000r\000m\000i\000t\000\040\000i\000n\000t\000e\000r\000p\000o\000l\000a\000n\000t}{section.3}% 12
\BOOKMARK [2][]{subsection.3.3}{\376\377\000A\000c\000c\000u\000r\000a\000c\000y\000\040\000a\000n\000a\000l\000y\000s\000i\000s}{section.3}% 13
\BOOKMARK [1][]{section.4}{\376\377\000\040\0001\000-\000x\0002\000\040}{part.1}% 14
\BOOKMARK [2][]{subsection.4.1}{\376\377\000L\000a\000g\000r\000a\000n\000g\000e\000\040\000i\000n\000t\000e\000r\000p\000o\000l\000a\000n\000t}{section.4}% 15
\BOOKMARK [2][]{subsection.4.2}{\376\377\000H\000e\000r\000m\000i\000t\000\040\000i\000n\000t\000e\000r\000p\000o\000l\000a\000n\000t}{section.4}% 16
\BOOKMARK [2][]{subsection.4.3}{\376\377\000A\000c\000c\000u\000r\000a\000c\000y\000\040\000a\000n\000a\000l\000y\000s\000i\000s}{section.4}% 17
\BOOKMARK [0][]{part.2}{\376\377\000I\000I\000\040\000C\000u\000b\000i\000c\000\040\000s\000p\000l\000i\000n\000e\000\040\000i\000n\000t\000e\000r\000p\000o\000l\000a\000t\000i\000o\000n}{}% 18
\BOOKMARK [1][]{section.5}{\376\377\000P\000a\000r\000a\000m\000e\000t\000r\000i\000z\000a\000t\000i\000o\000n}{part.2}% 19
\BOOKMARK [1][]{section.6}{\376\377\000R\000e\000s\000u\000l\000t\000s}{part.2}% 20
\BOOKMARK [0][]{part.3}{\376\377\000I\000I\000I\000\040\000F\000i\000n\000i\000t\000e\000\040\000d\000i\000f\000f\000e\000r\000e\000n\000c\000e\000\040\000a\000n\000d\000\040\000P\000a\000d\000\351\000\040\000a\000p\000p\000r\000o\000x\000i\000m\000a\000t\000i\000o\000n}{}% 21
\BOOKMARK [1][]{section.7}{\376\377\000F\000i\000n\000i\000t\000e\000\040\000d\000i\000f\000f\000e\000r\000e\000n\000c\000e}{part.3}% 22
\BOOKMARK [1][]{section.8}{\376\377\000P\000a\000d\000\351\000\040\000a\000p\000p\000r\000o\000x\000i\000m\000a\000t\000i\000o\000n}{part.3}% 23
\BOOKMARK [0][]{part.4}{\376\377\000I\000V\000\040\000N\000u\000m\000e\000r\000i\000c\000\040\000i\000n\000t\000e\000g\000r\000a\000t\000i\000o\000n}{}% 24
\BOOKMARK [1][]{section.9}{\376\377\000T\000r\000a\000p\000e\000z\000o\000i\000d\000a\000l\000\040\000R\000u\000l\000e}{part.4}% 25
\BOOKMARK [1][]{section.10}{\376\377\000S\000i\000m\000p\000s\000o\000n\000'\000s\000\040\000R\000u\000l\000e}{part.4}% 26
\BOOKMARK [1][]{section.11}{\376\377\000T\000r\000a\000p\000e\000z\000o\000i\000d\000a\000l\000\040\000R\000u\000l\000e\000\040\000w\000i\000t\000h\000\040\000E\000n\000d\000-\000C\000o\000r\000r\000e\000c\000t\000i\000o\000n}{part.4}% 27
\BOOKMARK [1][]{section.12}{\376\377\000A\000d\000a\000p\000t\000i\000v\000e\000\040\000Q\000u\000a\000d\000r\000a\000t\000u\000r\000e}{part.4}% 28
\BOOKMARK [0][]{part.5}{\376\377\000V\000\040\000N\000u\000m\000e\000r\000i\000c\000\040\000i\000n\000t\000e\000g\000r\000a\000t\000i\000o\000n\000\040\000o\000f\000\040\000i\000m\000p\000r\000o\000p\000e\000r\000\040\000i\000n\000t\000e\000g\000r\000a\000l\000s}{}% 29
\BOOKMARK [1][]{section.13}{\376\377\000S\000e\000m\000i\000-\000I\000n\000f\000i\000n\000i\000t\000e\000\040\000i\000n\000t\000e\000r\000v\000a\000l\000s}{part.5}% 30
\BOOKMARK [1][]{section.14}{\376\377\000I\000n\000f\000i\000n\000i\000t\000e\000\040\000i\000n\000t\000e\000r\000v\000a\000l\000s}{part.5}% 31
